<?xml version="1.0" encoding="UTF-8"?>
<!-- Generated by org.testng.reporters.JUnitXMLReporter -->
<testsuite ignored="0" hostname="COL-TNUZUM" failures="0" tests="3" name="Default test" time="39.167" errors="0" timestamp="31 Jul 2019 13:29:09 GMT">
  <testcase classname="EME.MakeApptTest" name="ScheduleAppointment" time="21.186"/>
  <testcase classname="EME.MakeApptTest" name="ConfirmAppointmentIsScheduled" time="2.023"/>
  <testcase classname="EME.MakeApptTest" name="CancelAppointment" time="8.529"/>
</testsuite> <!-- Default test -->
