<?xml version="1.0" encoding="UTF-8"?>
<!-- Generated by org.testng.reporters.JUnitXMLReporter -->
<testsuite ignored="0" hostname="COL-TNUZUM" failures="0" tests="10" name="Default test" time="28.642" errors="0" timestamp="23 Jul 2019 13:52:25 GMT">
  <testcase classname="EME.PageLaunchTest" name="MyPackagesButtonTest" time="0.48"/>
  <testcase classname="EME.PageLaunchTest" name="CartButtonTest" time="0.268"/>
  <testcase classname="EME.PageLaunchTest" name="AcctHistoryButtonTest" time="0.32"/>
  <testcase classname="EME.PageLaunchTest" name="PayNowButtonTest" time="0.546"/>
  <testcase classname="EME.PageLaunchTest" name="ScheduleClassesButtonTest" time="0.648"/>
  <testcase classname="EME.PageLaunchTest" name="ScheduleApptsButtonTest" time="0.823"/>
  <testcase classname="EME.PageLaunchTest" name="ManageFamilyButtonTest" time="0.286"/>
  <testcase classname="EME.PageLaunchTest" name="EditMyInfoButtonTest" time="0.349"/>
  <testcase classname="EME.PageLaunchTest" name="ForgotUsernameButtonTest" time="8.206"/>
  <testcase classname="EME.PageLaunchTest" name="ForgotPasswordButtonTest" time="2.218"/>
</testsuite> <!-- Default test -->
