<?xml version="1.0" encoding="UTF-8"?>
<!-- Generated by org.testng.reporters.JUnitXMLReporter -->
<testsuite ignored="0" hostname="COL-TNUZUM" failures="0" tests="5" name="Member Login Test" time="99.251" errors="0" timestamp="22 Jul 2019 20:10:58 GMT">
  <testcase classname="EME.MemberLoginTest" name="activeMember1Login" time="13.65"/>
  <testcase classname="EME.MemberLoginTest" name="activeMember2Login" time="23.409"/>
  <testcase classname="EME.MemberLoginTest" name="activeMember3Login" time="24.595"/>
  <testcase classname="EME.MemberLoginTest" name="activeMember4Login" time="14.677"/>
  <testcase classname="EME.MemberLoginTest" name="activeMember5Login" time="14.266"/>
</testsuite> <!-- Member Login Test -->
