<?xml version="1.0" encoding="UTF-8"?>
<testng-results ignored="0" total="29" passed="28" failed="1" skipped="0">
  <reporter-output>
  </reporter-output>
  <suite started-at="2019-07-30T20:23:10Z" name="EME - Smoke Testing" finished-at="2019-07-30T20:28:11Z" duration-ms="300924">
    <groups>
    </groups>
    <test started-at="2019-07-30T20:23:10Z" name="Login Page Test" finished-at="2019-07-30T20:23:18Z" duration-ms="7911">
      <class name="EME.loginPageTest">
        <test-method is-config="true" signature="initialize()[pri:0, instance:EME.loginPageTest@12dae582]" started-at="2019-07-30T20:23:10Z" name="initialize" finished-at="2019-07-30T20:23:16Z" duration-ms="5817" status="PASS">
          <reporter-output>
          </reporter-output>
        </test-method> <!-- initialize -->
        <test-method signature="pageTitle()[pri:1, instance:EME.loginPageTest@12dae582]" started-at="2019-07-30T20:23:16Z" name="pageTitle" finished-at="2019-07-30T20:23:16Z" duration-ms="10" status="PASS">
          <reporter-output>
          </reporter-output>
        </test-method> <!-- pageTitle -->
        <test-method signature="pageTextLabels()[pri:2, instance:EME.loginPageTest@12dae582]" started-at="2019-07-30T20:23:16Z" name="pageTextLabels" finished-at="2019-07-30T20:23:16Z" duration-ms="129" status="PASS">
          <reporter-output>
          </reporter-output>
        </test-method> <!-- pageTextLabels -->
        <test-method signature="noUserMessages()[pri:3, instance:EME.loginPageTest@12dae582]" started-at="2019-07-30T20:23:16Z" name="noUserMessages" finished-at="2019-07-30T20:23:17Z" duration-ms="279" status="PASS">
          <reporter-output>
          </reporter-output>
        </test-method> <!-- noUserMessages -->
        <test-method signature="wrongCredentialsMessages()[pri:4, instance:EME.loginPageTest@12dae582]" started-at="2019-07-30T20:23:17Z" name="wrongCredentialsMessages" finished-at="2019-07-30T20:23:17Z" duration-ms="599" status="PASS">
          <reporter-output>
          </reporter-output>
        </test-method> <!-- wrongCredentialsMessages -->
        <test-method is-config="true" signature="teardown()[pri:0, instance:EME.loginPageTest@12dae582]" started-at="2019-07-30T20:23:17Z" name="teardown" finished-at="2019-07-30T20:23:18Z" duration-ms="1054" status="PASS">
          <reporter-output>
          </reporter-output>
        </test-method> <!-- teardown -->
      </class> <!-- EME.loginPageTest -->
    </test> <!-- Login Page Test -->
    <test started-at="2019-07-30T20:23:18Z" name="Member Login" finished-at="2019-07-30T20:24:22Z" duration-ms="63695">
      <class name="EME.MemberLoginTest">
        <test-method is-config="true" signature="initialize()[pri:0, instance:EME.MemberLoginTest@4de41af9]" started-at="2019-07-30T20:23:18Z" name="initialize" finished-at="2019-07-30T20:23:23Z" duration-ms="4758" status="PASS">
          <reporter-output>
          </reporter-output>
        </test-method> <!-- initialize -->
        <test-method signature="activeMember1Login()[pri:10, instance:EME.MemberLoginTest@4de41af9]" started-at="2019-07-30T20:23:23Z" name="activeMember1Login" description="Login Active Adult HOH Member" finished-at="2019-07-30T20:23:30Z" duration-ms="7281" status="PASS">
          <reporter-output>
          </reporter-output>
        </test-method> <!-- activeMember1Login -->
        <test-method signature="activeMember2Login()[pri:15, instance:EME.MemberLoginTest@4de41af9]" started-at="2019-07-30T20:23:30Z" name="activeMember2Login" description="Login Active Adult non-HOH Member" finished-at="2019-07-30T20:23:41Z" duration-ms="10314" status="PASS">
          <reporter-output>
          </reporter-output>
        </test-method> <!-- activeMember2Login -->
        <test-method signature="activeMember3Login()[pri:20, instance:EME.MemberLoginTest@4de41af9]" started-at="2019-07-30T20:23:41Z" name="activeMember3Login" description="Login Active Minor Member" finished-at="2019-07-30T20:23:54Z" duration-ms="13079" status="PASS">
          <reporter-output>
          </reporter-output>
        </test-method> <!-- activeMember3Login -->
        <test-method signature="activeMember4Login()[pri:25, instance:EME.MemberLoginTest@4de41af9]" started-at="2019-07-30T20:23:54Z" name="activeMember4Login" description="Login Active Adult No Family Member" finished-at="2019-07-30T20:24:00Z" duration-ms="5851" status="PASS">
          <reporter-output>
          </reporter-output>
        </test-method> <!-- activeMember4Login -->
        <test-method signature="collectionsMember1Login()[pri:30, instance:EME.MemberLoginTest@4de41af9]" started-at="2019-07-30T20:24:00Z" name="collectionsMember1Login" description="Login Member in Collections" finished-at="2019-07-30T20:24:11Z" duration-ms="11168" status="PASS">
          <reporter-output>
          </reporter-output>
        </test-method> <!-- collectionsMember1Login -->
        <test-method signature="prospectMember1Login()[pri:35, instance:EME.MemberLoginTest@4de41af9]" started-at="2019-07-30T20:24:11Z" name="prospectMember1Login" description="Login Prospect Member" finished-at="2019-07-30T20:24:21Z" duration-ms="10441" status="PASS">
          <reporter-output>
          </reporter-output>
        </test-method> <!-- prospectMember1Login -->
        <test-method is-config="true" signature="teardown()[pri:0, instance:EME.MemberLoginTest@4de41af9]" started-at="2019-07-30T20:24:21Z" name="teardown" finished-at="2019-07-30T20:24:22Z" duration-ms="798" status="PASS">
          <reporter-output>
          </reporter-output>
        </test-method> <!-- teardown -->
      </class> <!-- EME.MemberLoginTest -->
    </test> <!-- Member Login -->
    <test started-at="2019-07-30T20:24:22Z" name="Page Launch" finished-at="2019-07-30T20:25:06Z" duration-ms="44238">
      <class name="EME.PageLaunchTest">
        <test-method is-config="true" signature="initialize()[pri:0, instance:EME.PageLaunchTest@51e8e6e6]" started-at="2019-07-30T20:24:22Z" name="initialize" finished-at="2019-07-30T20:24:33Z" duration-ms="10591" status="PASS">
          <reporter-output>
          </reporter-output>
        </test-method> <!-- initialize -->
        <test-method signature="MyPackagesButtonTest()[pri:20, instance:EME.PageLaunchTest@51e8e6e6]" started-at="2019-07-30T20:24:33Z" name="MyPackagesButtonTest" finished-at="2019-07-30T20:24:36Z" duration-ms="3592" status="PASS">
          <reporter-output>
          </reporter-output>
        </test-method> <!-- MyPackagesButtonTest -->
        <test-method signature="CartButtonTest()[pri:25, instance:EME.PageLaunchTest@51e8e6e6]" started-at="2019-07-30T20:24:36Z" name="CartButtonTest" finished-at="2019-07-30T20:24:43Z" duration-ms="6905" status="PASS">
          <reporter-output>
          </reporter-output>
        </test-method> <!-- CartButtonTest -->
        <test-method signature="AcctHistoryButtonTest()[pri:30, instance:EME.PageLaunchTest@51e8e6e6]" started-at="2019-07-30T20:24:43Z" name="AcctHistoryButtonTest" finished-at="2019-07-30T20:24:46Z" duration-ms="2765" status="PASS">
          <reporter-output>
          </reporter-output>
        </test-method> <!-- AcctHistoryButtonTest -->
        <test-method signature="PayNowButtonTest()[pri:35, instance:EME.PageLaunchTest@51e8e6e6]" started-at="2019-07-30T20:24:46Z" name="PayNowButtonTest" finished-at="2019-07-30T20:24:48Z" duration-ms="1792" status="PASS">
          <reporter-output>
          </reporter-output>
        </test-method> <!-- PayNowButtonTest -->
        <test-method signature="ScheduleClassesButtonTest()[pri:40, instance:EME.PageLaunchTest@51e8e6e6]" started-at="2019-07-30T20:24:48Z" name="ScheduleClassesButtonTest" finished-at="2019-07-30T20:24:52Z" duration-ms="4521" status="PASS">
          <reporter-output>
          </reporter-output>
        </test-method> <!-- ScheduleClassesButtonTest -->
        <test-method signature="ScheduleApptsButtonTest()[pri:45, instance:EME.PageLaunchTest@51e8e6e6]" started-at="2019-07-30T20:24:52Z" name="ScheduleApptsButtonTest" finished-at="2019-07-30T20:24:55Z" duration-ms="3133" status="PASS">
          <reporter-output>
          </reporter-output>
        </test-method> <!-- ScheduleApptsButtonTest -->
        <test-method signature="ManageFamilyButtonTest()[pri:50, instance:EME.PageLaunchTest@51e8e6e6]" started-at="2019-07-30T20:24:55Z" name="ManageFamilyButtonTest" finished-at="2019-07-30T20:24:59Z" duration-ms="3626" status="PASS">
          <reporter-output>
          </reporter-output>
        </test-method> <!-- ManageFamilyButtonTest -->
        <test-method signature="EditMyInfoButtonTest()[pri:55, instance:EME.PageLaunchTest@51e8e6e6]" started-at="2019-07-30T20:24:59Z" name="EditMyInfoButtonTest" finished-at="2019-07-30T20:25:01Z" duration-ms="2168" status="PASS">
          <reporter-output>
          </reporter-output>
        </test-method> <!-- EditMyInfoButtonTest -->
        <test-method signature="ForgotUsernameButtonTest()[pri:60, instance:EME.PageLaunchTest@51e8e6e6]" started-at="2019-07-30T20:25:01Z" name="ForgotUsernameButtonTest" finished-at="2019-07-30T20:25:05Z" duration-ms="3844" status="PASS">
          <reporter-output>
          </reporter-output>
        </test-method> <!-- ForgotUsernameButtonTest -->
        <test-method signature="ForgotPasswordButtonTest()[pri:65, instance:EME.PageLaunchTest@51e8e6e6]" started-at="2019-07-30T20:25:05Z" name="ForgotPasswordButtonTest" finished-at="2019-07-30T20:25:05Z" duration-ms="474" status="PASS">
          <reporter-output>
          </reporter-output>
        </test-method> <!-- ForgotPasswordButtonTest -->
        <test-method is-config="true" signature="teardown()[pri:0, instance:EME.PageLaunchTest@51e8e6e6]" started-at="2019-07-30T20:25:05Z" name="teardown" finished-at="2019-07-30T20:25:06Z" duration-ms="819" status="PASS">
          <reporter-output>
          </reporter-output>
        </test-method> <!-- teardown -->
      </class> <!-- EME.PageLaunchTest -->
    </test> <!-- Page Launch -->
    <test started-at="2019-07-30T20:25:06Z" name="Make Payment" finished-at="2019-07-30T20:25:41Z" duration-ms="35083">
      <class name="EME.MakePaymentTest">
        <test-method is-config="true" signature="initialize()[pri:0, instance:EME.MakePaymentTest@2692b61e]" started-at="2019-07-30T20:25:06Z" name="initialize" finished-at="2019-07-30T20:25:12Z" duration-ms="5372" status="PASS">
          <reporter-output>
          </reporter-output>
        </test-method> <!-- initialize -->
        <test-method signature="MakePayment()[pri:1, instance:EME.MakePaymentTest@2692b61e]" started-at="2019-07-30T20:25:12Z" name="MakePayment" description="Adding $100.00 to member&#039;s account" finished-at="2019-07-30T20:25:37Z" duration-ms="25600" status="PASS">
          <reporter-output>
          </reporter-output>
        </test-method> <!-- MakePayment -->
        <test-method signature="ConfirmPaymentApplied()[pri:2, instance:EME.MakePaymentTest@2692b61e]" started-at="2019-07-30T20:25:37Z" name="ConfirmPaymentApplied" description="Confirming payment is applied" finished-at="2019-07-30T20:25:40Z" duration-ms="3015" status="PASS">
          <reporter-output>
          </reporter-output>
        </test-method> <!-- ConfirmPaymentApplied -->
        <test-method is-config="true" signature="teardown()[pri:0, instance:EME.MakePaymentTest@2692b61e]" started-at="2019-07-30T20:25:40Z" name="teardown" finished-at="2019-07-30T20:25:41Z" duration-ms="1094" status="PASS">
          <reporter-output>
          </reporter-output>
        </test-method> <!-- teardown -->
      </class> <!-- EME.MakePaymentTest -->
    </test> <!-- Make Payment -->
    <test started-at="2019-07-30T20:25:41Z" name="Make Appointment" finished-at="2019-07-30T20:26:31Z" duration-ms="49836">
      <class name="EME.MakeApptTest">
        <test-method is-config="true" signature="initialize()[pri:0, instance:EME.MakeApptTest@878452d]" started-at="2019-07-30T20:25:41Z" name="initialize" finished-at="2019-07-30T20:25:47Z" duration-ms="5599" status="PASS">
          <reporter-output>
          </reporter-output>
        </test-method> <!-- initialize -->
        <test-method signature="ScheduleAppointment()[pri:1, instance:EME.MakeApptTest@878452d]" started-at="2019-07-30T20:25:47Z" name="ScheduleAppointment" finished-at="2019-07-30T20:26:14Z" duration-ms="26714" status="PASS">
          <reporter-output>
          </reporter-output>
        </test-method> <!-- ScheduleAppointment -->
        <test-method signature="ConfirmAppointmentIsScheduled()[pri:2, instance:EME.MakeApptTest@878452d]" started-at="2019-07-30T20:26:14Z" name="ConfirmAppointmentIsScheduled" finished-at="2019-07-30T20:26:21Z" duration-ms="7098" status="FAIL">
          <exception class="org.openqa.selenium.NoSuchElementException">
            <message>
              <![CDATA[Unable to locate element: (//span[@class='class-list-header'])[4]/strong
For documentation on this error, please visit: https://www.seleniumhq.org/exceptions/no_such_element.html
Build info: version: '3.141.59', revision: 'e82be7d358', time: '2018-11-14T08:25:53'
System info: host: 'COL-TNUZUM', ip: '10.143.8.48', os.name: 'Windows 10', os.arch: 'amd64', os.version: '10.0', java.version: '11.0.3'
Driver info: org.openqa.selenium.firefox.FirefoxDriver
Capabilities {acceptInsecureCerts: true, browserName: firefox, browserVersion: 68.0.1, javascriptEnabled: true, moz:accessibilityChecks: false, moz:buildID: 20190717172542, moz:geckodriverVersion: 0.24.0, moz:headless: false, moz:processID: 14228, moz:profile: C:\Users\tnuzum\AppData\Loc..., moz:shutdownTimeout: 60000, moz:useNonSpecCompliantPointerOrigin: false, moz:webdriverClick: true, pageLoadStrategy: normal, platform: WINDOWS, platformName: WINDOWS, platformVersion: 10.0, rotatable: false, setWindowRect: true, strictFileInteractability: false, timeouts: {implicit: 0, pageLoad: 300000, script: 30000}, unhandledPromptBehavior: dismiss and notify}
Session ID: 48fffaec-4fcd-4528-89ad-2e67ad2403e5
*** Element info: {Using=xpath, value=(//span[@class='class-list-header'])[4]/strong}]]>
            </message>
            <full-stacktrace>
              <![CDATA[org.openqa.selenium.NoSuchElementException: Unable to locate element: (//span[@class='class-list-header'])[4]/strong
For documentation on this error, please visit: https://www.seleniumhq.org/exceptions/no_such_element.html
Build info: version: '3.141.59', revision: 'e82be7d358', time: '2018-11-14T08:25:53'
System info: host: 'COL-TNUZUM', ip: '10.143.8.48', os.name: 'Windows 10', os.arch: 'amd64', os.version: '10.0', java.version: '11.0.3'
Driver info: org.openqa.selenium.firefox.FirefoxDriver
Capabilities {acceptInsecureCerts: true, browserName: firefox, browserVersion: 68.0.1, javascriptEnabled: true, moz:accessibilityChecks: false, moz:buildID: 20190717172542, moz:geckodriverVersion: 0.24.0, moz:headless: false, moz:processID: 14228, moz:profile: C:\Users\tnuzum\AppData\Loc..., moz:shutdownTimeout: 60000, moz:useNonSpecCompliantPointerOrigin: false, moz:webdriverClick: true, pageLoadStrategy: normal, platform: WINDOWS, platformName: WINDOWS, platformVersion: 10.0, rotatable: false, setWindowRect: true, strictFileInteractability: false, timeouts: {implicit: 0, pageLoad: 300000, script: 30000}, unhandledPromptBehavior: dismiss and notify}
Session ID: 48fffaec-4fcd-4528-89ad-2e67ad2403e5
*** Element info: {Using=xpath, value=(//span[@class='class-list-header'])[4]/strong}
at java.base/jdk.internal.reflect.NativeConstructorAccessorImpl.newInstance0(Native Method)
at java.base/jdk.internal.reflect.NativeConstructorAccessorImpl.newInstance(NativeConstructorAccessorImpl.java:62)
at java.base/jdk.internal.reflect.DelegatingConstructorAccessorImpl.newInstance(DelegatingConstructorAccessorImpl.java:45)
at java.base/java.lang.reflect.Constructor.newInstance(Constructor.java:490)
at org.openqa.selenium.remote.http.W3CHttpResponseCodec.createException(W3CHttpResponseCodec.java:187)
at org.openqa.selenium.remote.http.W3CHttpResponseCodec.decode(W3CHttpResponseCodec.java:122)
at org.openqa.selenium.remote.http.W3CHttpResponseCodec.decode(W3CHttpResponseCodec.java:49)
at org.openqa.selenium.remote.HttpCommandExecutor.execute(HttpCommandExecutor.java:158)
at org.openqa.selenium.remote.service.DriverCommandExecutor.execute(DriverCommandExecutor.java:83)
at org.openqa.selenium.remote.RemoteWebDriver.execute(RemoteWebDriver.java:552)
at org.openqa.selenium.remote.RemoteWebDriver.findElement(RemoteWebDriver.java:323)
at org.openqa.selenium.remote.RemoteWebDriver.findElementByXPath(RemoteWebDriver.java:428)
at org.openqa.selenium.By$ByXPath.findElement(By.java:353)
at org.openqa.selenium.remote.RemoteWebDriver.findElement(RemoteWebDriver.java:315)
at pageObjects.DashboardPO.getMyApptsAppt1Title(DashboardPO.java:232)
at EME.MakeApptTest.ConfirmAppointmentIsScheduled(MakeApptTest.java:101)
at java.base/jdk.internal.reflect.NativeMethodAccessorImpl.invoke0(Native Method)
at java.base/jdk.internal.reflect.NativeMethodAccessorImpl.invoke(NativeMethodAccessorImpl.java:62)
at java.base/jdk.internal.reflect.DelegatingMethodAccessorImpl.invoke(DelegatingMethodAccessorImpl.java:43)
at java.base/java.lang.reflect.Method.invoke(Method.java:566)
at org.testng.internal.MethodInvocationHelper.invokeMethod(MethodInvocationHelper.java:124)
at org.testng.internal.Invoker.invokeMethod(Invoker.java:583)
at org.testng.internal.Invoker.invokeTestMethod(Invoker.java:719)
at org.testng.internal.Invoker.invokeTestMethods(Invoker.java:989)
at org.testng.internal.TestMethodWorker.invokeTestMethods(TestMethodWorker.java:125)
at org.testng.internal.TestMethodWorker.run(TestMethodWorker.java:109)
at org.testng.TestRunner.privateRun(TestRunner.java:648)
at org.testng.TestRunner.run(TestRunner.java:505)
at org.testng.SuiteRunner.runTest(SuiteRunner.java:455)
at org.testng.SuiteRunner.runSequentially(SuiteRunner.java:450)
at org.testng.SuiteRunner.privateRun(SuiteRunner.java:415)
at org.testng.SuiteRunner.run(SuiteRunner.java:364)
at org.testng.SuiteRunnerWorker.runSuite(SuiteRunnerWorker.java:52)
at org.testng.SuiteRunnerWorker.run(SuiteRunnerWorker.java:84)
at org.testng.TestNG.runSuitesSequentially(TestNG.java:1208)
at org.testng.TestNG.runSuitesLocally(TestNG.java:1137)
at org.testng.TestNG.runSuites(TestNG.java:1049)
at org.testng.TestNG.run(TestNG.java:1017)
at org.testng.remote.AbstractRemoteTestNG.run(AbstractRemoteTestNG.java:115)
at org.testng.remote.RemoteTestNG.initAndRun(RemoteTestNG.java:251)
at org.testng.remote.RemoteTestNG.main(RemoteTestNG.java:77)
]]>
            </full-stacktrace>
          </exception> <!-- org.openqa.selenium.NoSuchElementException -->
          <reporter-output>
          </reporter-output>
        </test-method> <!-- ConfirmAppointmentIsScheduled -->
        <test-method signature="CancelAppointment()[pri:3, instance:EME.MakeApptTest@878452d]" started-at="2019-07-30T20:26:21Z" name="CancelAppointment" finished-at="2019-07-30T20:26:29Z" duration-ms="8530" status="PASS">
          <reporter-output>
          </reporter-output>
        </test-method> <!-- CancelAppointment -->
        <test-method is-config="true" signature="teardown()[pri:0, instance:EME.MakeApptTest@878452d]" started-at="2019-07-30T20:26:29Z" name="teardown" finished-at="2019-07-30T20:26:31Z" duration-ms="1785" status="PASS">
          <reporter-output>
          </reporter-output>
        </test-method> <!-- teardown -->
      </class> <!-- EME.MakeApptTest -->
    </test> <!-- Make Appointment -->
    <test started-at="2019-07-30T20:26:31Z" name="Schedule Class" finished-at="2019-07-30T20:27:23Z" duration-ms="51706">
      <class name="EME.ScheduleClassTest">
        <test-method is-config="true" signature="initialize()[pri:0, instance:EME.ScheduleClassTest@6f603e89]" started-at="2019-07-30T20:26:31Z" name="initialize" finished-at="2019-07-30T20:26:36Z" duration-ms="4825" status="PASS">
          <reporter-output>
          </reporter-output>
        </test-method> <!-- initialize -->
        <test-method signature="scheduleClass()[pri:1, instance:EME.ScheduleClassTest@6f603e89]" started-at="2019-07-30T20:26:36Z" name="scheduleClass" finished-at="2019-07-30T20:27:10Z" duration-ms="33827" status="PASS">
          <reporter-output>
          </reporter-output>
        </test-method> <!-- scheduleClass -->
        <test-method signature="unenrollFromClass()[pri:2, instance:EME.ScheduleClassTest@6f603e89]" started-at="2019-07-30T20:27:10Z" name="unenrollFromClass" finished-at="2019-07-30T20:27:22Z" duration-ms="12262" status="PASS">
          <reporter-output>
          </reporter-output>
        </test-method> <!-- unenrollFromClass -->
        <test-method is-config="true" signature="teardown()[pri:0, instance:EME.ScheduleClassTest@6f603e89]" started-at="2019-07-30T20:27:22Z" name="teardown" finished-at="2019-07-30T20:27:23Z" duration-ms="791" status="PASS">
          <reporter-output>
          </reporter-output>
        </test-method> <!-- teardown -->
      </class> <!-- EME.ScheduleClassTest -->
    </test> <!-- Schedule Class -->
    <test started-at="2019-07-30T20:27:23Z" name="Schedule Course" finished-at="2019-07-30T20:28:11Z" duration-ms="48392">
      <class name="EME.ScheduleCourseTest">
        <test-method is-config="true" signature="initialize()[pri:0, instance:EME.ScheduleCourseTest@470a696f]" started-at="2019-07-30T20:27:23Z" name="initialize" finished-at="2019-07-30T20:27:28Z" duration-ms="5063" status="PASS">
          <reporter-output>
          </reporter-output>
        </test-method> <!-- initialize -->
        <test-method signature="scheduleCourse()[pri:1, instance:EME.ScheduleCourseTest@470a696f]" started-at="2019-07-30T20:27:28Z" name="scheduleCourse" finished-at="2019-07-30T20:27:50Z" duration-ms="22273" status="PASS">
          <reporter-output>
          </reporter-output>
        </test-method> <!-- scheduleCourse -->
        <test-method signature="unenrollFromCourse()[pri:2, instance:EME.ScheduleCourseTest@470a696f]" started-at="2019-07-30T20:27:50Z" name="unenrollFromCourse" finished-at="2019-07-30T20:28:05Z" duration-ms="15279" status="PASS">
          <reporter-output>
          </reporter-output>
        </test-method> <!-- unenrollFromCourse -->
        <test-method is-config="true" signature="teardown()[pri:0, instance:EME.ScheduleCourseTest@470a696f]" started-at="2019-07-30T20:28:05Z" name="teardown" finished-at="2019-07-30T20:28:11Z" duration-ms="5775" status="PASS">
          <reporter-output>
          </reporter-output>
        </test-method> <!-- teardown -->
      </class> <!-- EME.ScheduleCourseTest -->
    </test> <!-- Schedule Course -->
  </suite> <!-- EME - Smoke Testing -->
</testng-results>
