<?xml version="1.0" encoding="UTF-8"?>
<testng-results ignored="0" total="32" passed="31" failed="1" skipped="0">
  <reporter-output>
  </reporter-output>
  <suite started-at="2019-07-31T19:50:27Z" name="EME - Smoke Testing" finished-at="2019-07-31T19:56:12Z" duration-ms="344608">
    <groups>
    </groups>
    <test started-at="2019-07-31T19:50:27Z" name="Login Page Test" finished-at="2019-07-31T19:50:35Z" duration-ms="8153">
      <class name="EME.loginPageTest">
        <test-method is-config="true" signature="initialize()[pri:0, instance:EME.loginPageTest@14f5da2c]" started-at="2019-07-31T19:50:27Z" name="initialize" finished-at="2019-07-31T19:50:34Z" duration-ms="6291" status="PASS">
          <reporter-output>
          </reporter-output>
        </test-method> <!-- initialize -->
        <test-method signature="pageTitle()[pri:1, instance:EME.loginPageTest@14f5da2c]" started-at="2019-07-31T19:50:34Z" name="pageTitle" finished-at="2019-07-31T19:50:34Z" duration-ms="10" status="PASS">
          <reporter-output>
          </reporter-output>
        </test-method> <!-- pageTitle -->
        <test-method signature="pageTextLabels()[pri:2, instance:EME.loginPageTest@14f5da2c]" started-at="2019-07-31T19:50:34Z" name="pageTextLabels" finished-at="2019-07-31T19:50:34Z" duration-ms="130" status="PASS">
          <reporter-output>
          </reporter-output>
        </test-method> <!-- pageTextLabels -->
        <test-method signature="noUserMessages()[pri:3, instance:EME.loginPageTest@14f5da2c]" started-at="2019-07-31T19:50:34Z" name="noUserMessages" finished-at="2019-07-31T19:50:34Z" duration-ms="285" status="PASS">
          <reporter-output>
          </reporter-output>
        </test-method> <!-- noUserMessages -->
        <test-method signature="wrongCredentialsMessages()[pri:4, instance:EME.loginPageTest@14f5da2c]" started-at="2019-07-31T19:50:34Z" name="wrongCredentialsMessages" finished-at="2019-07-31T19:50:34Z" duration-ms="347" status="PASS">
          <reporter-output>
          </reporter-output>
        </test-method> <!-- wrongCredentialsMessages -->
        <test-method is-config="true" signature="teardown()[pri:0, instance:EME.loginPageTest@14f5da2c]" started-at="2019-07-31T19:50:34Z" name="teardown" finished-at="2019-07-31T19:50:35Z" duration-ms="1068" status="PASS">
          <reporter-output>
          </reporter-output>
        </test-method> <!-- teardown -->
      </class> <!-- EME.loginPageTest -->
    </test> <!-- Login Page Test -->
    <test started-at="2019-07-31T19:50:35Z" name="Member Login" finished-at="2019-07-31T19:51:37Z" duration-ms="61116">
      <class name="EME.MemberLoginTest">
        <test-method is-config="true" signature="initialize()[pri:0, instance:EME.MemberLoginTest@4f071df8]" started-at="2019-07-31T19:50:35Z" name="initialize" finished-at="2019-07-31T19:50:42Z" duration-ms="6653" status="PASS">
          <reporter-output>
          </reporter-output>
        </test-method> <!-- initialize -->
        <test-method signature="activeMember1Login()[pri:10, instance:EME.MemberLoginTest@4f071df8]" started-at="2019-07-31T19:50:42Z" name="activeMember1Login" description="Login Active Adult HOH Member" finished-at="2019-07-31T19:50:49Z" duration-ms="7072" status="PASS">
          <reporter-output>
          </reporter-output>
        </test-method> <!-- activeMember1Login -->
        <test-method signature="activeMember2Login()[pri:15, instance:EME.MemberLoginTest@4f071df8]" started-at="2019-07-31T19:50:49Z" name="activeMember2Login" description="Login Active Adult non-HOH Member" finished-at="2019-07-31T19:51:00Z" duration-ms="11140" status="PASS">
          <reporter-output>
          </reporter-output>
        </test-method> <!-- activeMember2Login -->
        <test-method signature="activeMember3Login()[pri:20, instance:EME.MemberLoginTest@4f071df8]" started-at="2019-07-31T19:51:00Z" name="activeMember3Login" description="Login Active Minor Member" finished-at="2019-07-31T19:51:11Z" duration-ms="10372" status="PASS">
          <reporter-output>
          </reporter-output>
        </test-method> <!-- activeMember3Login -->
        <test-method signature="activeMember4Login()[pri:25, instance:EME.MemberLoginTest@4f071df8]" started-at="2019-07-31T19:51:11Z" name="activeMember4Login" description="Login Active Adult No Family Member" finished-at="2019-07-31T19:51:16Z" duration-ms="5346" status="PASS">
          <reporter-output>
          </reporter-output>
        </test-method> <!-- activeMember4Login -->
        <test-method signature="collectionsMember1Login()[pri:30, instance:EME.MemberLoginTest@4f071df8]" started-at="2019-07-31T19:51:16Z" name="collectionsMember1Login" description="Login Member in Collections" finished-at="2019-07-31T19:51:26Z" duration-ms="10136" status="PASS">
          <reporter-output>
          </reporter-output>
        </test-method> <!-- collectionsMember1Login -->
        <test-method signature="prospectMember1Login()[pri:35, instance:EME.MemberLoginTest@4f071df8]" started-at="2019-07-31T19:51:26Z" name="prospectMember1Login" description="Login Prospect Member" finished-at="2019-07-31T19:51:36Z" duration-ms="9590" status="PASS">
          <reporter-output>
          </reporter-output>
        </test-method> <!-- prospectMember1Login -->
        <test-method is-config="true" signature="teardown()[pri:0, instance:EME.MemberLoginTest@4f071df8]" started-at="2019-07-31T19:51:36Z" name="teardown" finished-at="2019-07-31T19:51:37Z" duration-ms="800" status="PASS">
          <reporter-output>
          </reporter-output>
        </test-method> <!-- teardown -->
      </class> <!-- EME.MemberLoginTest -->
    </test> <!-- Member Login -->
    <test started-at="2019-07-31T19:51:37Z" name="Page Launch" finished-at="2019-07-31T19:52:23Z" duration-ms="46483">
      <class name="EME.PageLaunchTest">
        <test-method is-config="true" signature="initialize()[pri:0, instance:EME.PageLaunchTest@56276db8]" started-at="2019-07-31T19:51:37Z" name="initialize" finished-at="2019-07-31T19:51:47Z" duration-ms="10657" status="PASS">
          <reporter-output>
          </reporter-output>
        </test-method> <!-- initialize -->
        <test-method signature="MyPackagesButtonTest()[pri:20, instance:EME.PageLaunchTest@56276db8]" started-at="2019-07-31T19:51:47Z" name="MyPackagesButtonTest" finished-at="2019-07-31T19:51:51Z" duration-ms="3514" status="PASS">
          <reporter-output>
          </reporter-output>
        </test-method> <!-- MyPackagesButtonTest -->
        <test-method signature="CartButtonTest()[pri:25, instance:EME.PageLaunchTest@56276db8]" started-at="2019-07-31T19:51:51Z" name="CartButtonTest" finished-at="2019-07-31T19:51:57Z" duration-ms="5821" status="PASS">
          <reporter-output>
          </reporter-output>
        </test-method> <!-- CartButtonTest -->
        <test-method signature="AcctHistoryButtonTest()[pri:30, instance:EME.PageLaunchTest@56276db8]" started-at="2019-07-31T19:51:57Z" name="AcctHistoryButtonTest" finished-at="2019-07-31T19:51:59Z" duration-ms="2769" status="PASS">
          <reporter-output>
          </reporter-output>
        </test-method> <!-- AcctHistoryButtonTest -->
        <test-method signature="PayNowButtonTest()[pri:35, instance:EME.PageLaunchTest@56276db8]" started-at="2019-07-31T19:51:59Z" name="PayNowButtonTest" finished-at="2019-07-31T19:52:02Z" duration-ms="2242" status="PASS">
          <reporter-output>
          </reporter-output>
        </test-method> <!-- PayNowButtonTest -->
        <test-method signature="ScheduleClassesButtonTest()[pri:40, instance:EME.PageLaunchTest@56276db8]" started-at="2019-07-31T19:52:02Z" name="ScheduleClassesButtonTest" finished-at="2019-07-31T19:52:04Z" duration-ms="2446" status="PASS">
          <reporter-output>
          </reporter-output>
        </test-method> <!-- ScheduleClassesButtonTest -->
        <test-method signature="ScheduleApptsButtonTest()[pri:45, instance:EME.PageLaunchTest@56276db8]" started-at="2019-07-31T19:52:04Z" name="ScheduleApptsButtonTest" finished-at="2019-07-31T19:52:10Z" duration-ms="5683" status="PASS">
          <reporter-output>
          </reporter-output>
        </test-method> <!-- ScheduleApptsButtonTest -->
        <test-method signature="ManageFamilyButtonTest()[pri:50, instance:EME.PageLaunchTest@56276db8]" started-at="2019-07-31T19:52:10Z" name="ManageFamilyButtonTest" finished-at="2019-07-31T19:52:13Z" duration-ms="3636" status="PASS">
          <reporter-output>
          </reporter-output>
        </test-method> <!-- ManageFamilyButtonTest -->
        <test-method signature="EditMyInfoButtonTest()[pri:55, instance:EME.PageLaunchTest@56276db8]" started-at="2019-07-31T19:52:13Z" name="EditMyInfoButtonTest" finished-at="2019-07-31T19:52:17Z" duration-ms="3696" status="PASS">
          <reporter-output>
          </reporter-output>
        </test-method> <!-- EditMyInfoButtonTest -->
        <test-method signature="ForgotUsernameButtonTest()[pri:60, instance:EME.PageLaunchTest@56276db8]" started-at="2019-07-31T19:52:17Z" name="ForgotUsernameButtonTest" finished-at="2019-07-31T19:52:21Z" duration-ms="4144" status="PASS">
          <reporter-output>
          </reporter-output>
        </test-method> <!-- ForgotUsernameButtonTest -->
        <test-method signature="ForgotPasswordButtonTest()[pri:65, instance:EME.PageLaunchTest@56276db8]" started-at="2019-07-31T19:52:21Z" name="ForgotPasswordButtonTest" finished-at="2019-07-31T19:52:22Z" duration-ms="1052" status="PASS">
          <reporter-output>
          </reporter-output>
        </test-method> <!-- ForgotPasswordButtonTest -->
        <test-method is-config="true" signature="teardown()[pri:0, instance:EME.PageLaunchTest@56276db8]" started-at="2019-07-31T19:52:22Z" name="teardown" finished-at="2019-07-31T19:52:23Z" duration-ms="815" status="PASS">
          <reporter-output>
          </reporter-output>
        </test-method> <!-- teardown -->
      </class> <!-- EME.PageLaunchTest -->
    </test> <!-- Page Launch -->
    <test started-at="2019-07-31T19:52:23Z" name="Make Payment" finished-at="2019-07-31T19:52:55Z" duration-ms="32184">
      <class name="EME.MakePaymentTest">
        <test-method is-config="true" signature="initialize()[pri:0, instance:EME.MakePaymentTest@293d0107]" started-at="2019-07-31T19:52:23Z" name="initialize" finished-at="2019-07-31T19:52:28Z" duration-ms="5050" status="PASS">
          <reporter-output>
          </reporter-output>
        </test-method> <!-- initialize -->
        <test-method signature="MakePayment()[pri:1, instance:EME.MakePaymentTest@293d0107]" started-at="2019-07-31T19:52:28Z" name="MakePayment" description="Adding $100.00 to member&#039;s account" finished-at="2019-07-31T19:52:51Z" duration-ms="23117" status="PASS">
          <reporter-output>
          </reporter-output>
        </test-method> <!-- MakePayment -->
        <test-method signature="ConfirmPaymentApplied()[pri:2, instance:EME.MakePaymentTest@293d0107]" started-at="2019-07-31T19:52:51Z" name="ConfirmPaymentApplied" description="Confirming payment is applied" finished-at="2019-07-31T19:52:54Z" duration-ms="3014" status="PASS">
          <reporter-output>
          </reporter-output>
        </test-method> <!-- ConfirmPaymentApplied -->
        <test-method is-config="true" signature="teardown()[pri:0, instance:EME.MakePaymentTest@293d0107]" started-at="2019-07-31T19:52:54Z" name="teardown" finished-at="2019-07-31T19:52:55Z" duration-ms="1002" status="PASS">
          <reporter-output>
          </reporter-output>
        </test-method> <!-- teardown -->
      </class> <!-- EME.MakePaymentTest -->
    </test> <!-- Make Payment -->
    <test started-at="2019-07-31T19:52:55Z" name="Make Appointment" finished-at="2019-07-31T19:53:27Z" duration-ms="31961">
      <class name="EME.MakeApptTest">
        <test-method is-config="true" signature="initialize()[pri:0, instance:EME.MakeApptTest@773f7880]" started-at="2019-07-31T19:52:55Z" name="initialize" finished-at="2019-07-31T19:53:00Z" duration-ms="5175" status="PASS">
          <reporter-output>
          </reporter-output>
        </test-method> <!-- initialize -->
        <test-method signature="ScheduleAppointment()[pri:1, instance:EME.MakeApptTest@773f7880]" started-at="2019-07-31T19:53:00Z" name="ScheduleAppointment" finished-at="2019-07-31T19:53:20Z" duration-ms="19947" status="PASS">
          <reporter-output>
          </reporter-output>
        </test-method> <!-- ScheduleAppointment -->
        <test-method signature="ConfirmAppointmentIsScheduled()[pri:2, instance:EME.MakeApptTest@773f7880]" started-at="2019-07-31T19:53:20Z" name="ConfirmAppointmentIsScheduled" finished-at="2019-07-31T19:53:23Z" duration-ms="2239" status="PASS">
          <reporter-output>
          </reporter-output>
        </test-method> <!-- ConfirmAppointmentIsScheduled -->
        <test-method signature="CancelAppointment()[pri:3, instance:EME.MakeApptTest@773f7880]" started-at="2019-07-31T19:53:23Z" name="CancelAppointment" finished-at="2019-07-31T19:53:26Z" duration-ms="3598" status="PASS">
          <reporter-output>
          </reporter-output>
        </test-method> <!-- CancelAppointment -->
        <test-method is-config="true" signature="teardown()[pri:0, instance:EME.MakeApptTest@773f7880]" started-at="2019-07-31T19:53:26Z" name="teardown" finished-at="2019-07-31T19:53:27Z" duration-ms="1000" status="PASS">
          <reporter-output>
          </reporter-output>
        </test-method> <!-- teardown -->
      </class> <!-- EME.MakeApptTest -->
    </test> <!-- Make Appointment -->
    <test started-at="2019-07-31T19:53:27Z" name="Schedule Class" finished-at="2019-07-31T19:54:28Z" duration-ms="60506">
      <class name="EME.ScheduleClassTest">
        <test-method is-config="true" signature="initialize()[pri:0, instance:EME.ScheduleClassTest@7d3430a7]" started-at="2019-07-31T19:53:27Z" name="initialize" finished-at="2019-07-31T19:53:34Z" duration-ms="6834" status="PASS">
          <reporter-output>
          </reporter-output>
        </test-method> <!-- initialize -->
        <test-method signature="scheduleClass()[pri:1, instance:EME.ScheduleClassTest@7d3430a7]" started-at="2019-07-31T19:53:34Z" name="scheduleClass" finished-at="2019-07-31T19:54:15Z" duration-ms="40619" status="PASS">
          <reporter-output>
          </reporter-output>
        </test-method> <!-- scheduleClass -->
        <test-method signature="unenrollFromClass()[pri:2, instance:EME.ScheduleClassTest@7d3430a7]" started-at="2019-07-31T19:54:15Z" name="unenrollFromClass" finished-at="2019-07-31T19:54:27Z" duration-ms="12258" status="PASS">
          <reporter-output>
          </reporter-output>
        </test-method> <!-- unenrollFromClass -->
        <test-method is-config="true" signature="teardown()[pri:0, instance:EME.ScheduleClassTest@7d3430a7]" started-at="2019-07-31T19:54:27Z" name="teardown" finished-at="2019-07-31T19:54:28Z" duration-ms="793" status="PASS">
          <reporter-output>
          </reporter-output>
        </test-method> <!-- teardown -->
      </class> <!-- EME.ScheduleClassTest -->
    </test> <!-- Schedule Class -->
    <test started-at="2019-07-31T19:54:28Z" name="Schedule Course" finished-at="2019-07-31T19:55:19Z" duration-ms="50819">
      <class name="EME.ScheduleCourseTest">
        <test-method is-config="true" signature="initialize()[pri:0, instance:EME.ScheduleCourseTest@2364305a]" started-at="2019-07-31T19:54:28Z" name="initialize" finished-at="2019-07-31T19:54:33Z" duration-ms="5630" status="PASS">
          <reporter-output>
          </reporter-output>
        </test-method> <!-- initialize -->
        <test-method signature="scheduleCourse()[pri:1, instance:EME.ScheduleCourseTest@2364305a]" started-at="2019-07-31T19:54:33Z" name="scheduleCourse" finished-at="2019-07-31T19:54:58Z" duration-ms="24270" status="PASS">
          <reporter-output>
          </reporter-output>
        </test-method> <!-- scheduleCourse -->
        <test-method signature="unenrollFromCourse()[pri:2, instance:EME.ScheduleCourseTest@2364305a]" started-at="2019-07-31T19:54:58Z" name="unenrollFromCourse" finished-at="2019-07-31T19:55:13Z" duration-ms="15034" status="FAIL">
          <exception class="junit.framework.ComparisonFailure">
            <message>
              <![CDATA[expected:<Unenro...> but was:<Cance...>]]>
            </message>
            <full-stacktrace>
              <![CDATA[junit.framework.ComparisonFailure: expected:<Unenro...> but was:<Cance...>
at junit.framework.Assert.assertEquals(Assert.java:81)
at junit.framework.Assert.assertEquals(Assert.java:87)
at EME.ScheduleCourseTest.unenrollFromCourse(ScheduleCourseTest.java:75)
at java.base/jdk.internal.reflect.NativeMethodAccessorImpl.invoke0(Native Method)
at java.base/jdk.internal.reflect.NativeMethodAccessorImpl.invoke(NativeMethodAccessorImpl.java:62)
at java.base/jdk.internal.reflect.DelegatingMethodAccessorImpl.invoke(DelegatingMethodAccessorImpl.java:43)
at java.base/java.lang.reflect.Method.invoke(Method.java:566)
at org.testng.internal.MethodInvocationHelper.invokeMethod(MethodInvocationHelper.java:124)
at org.testng.internal.Invoker.invokeMethod(Invoker.java:583)
at org.testng.internal.Invoker.invokeTestMethod(Invoker.java:719)
at org.testng.internal.Invoker.invokeTestMethods(Invoker.java:989)
at org.testng.internal.TestMethodWorker.invokeTestMethods(TestMethodWorker.java:125)
at org.testng.internal.TestMethodWorker.run(TestMethodWorker.java:109)
at org.testng.TestRunner.privateRun(TestRunner.java:648)
at org.testng.TestRunner.run(TestRunner.java:505)
at org.testng.SuiteRunner.runTest(SuiteRunner.java:455)
at org.testng.SuiteRunner.runSequentially(SuiteRunner.java:450)
at org.testng.SuiteRunner.privateRun(SuiteRunner.java:415)
at org.testng.SuiteRunner.run(SuiteRunner.java:364)
at org.testng.SuiteRunnerWorker.runSuite(SuiteRunnerWorker.java:52)
at org.testng.SuiteRunnerWorker.run(SuiteRunnerWorker.java:84)
at org.testng.TestNG.runSuitesSequentially(TestNG.java:1208)
at org.testng.TestNG.runSuitesLocally(TestNG.java:1137)
at org.testng.TestNG.runSuites(TestNG.java:1049)
at org.testng.TestNG.run(TestNG.java:1017)
at org.testng.remote.AbstractRemoteTestNG.run(AbstractRemoteTestNG.java:115)
at org.testng.remote.RemoteTestNG.initAndRun(RemoteTestNG.java:251)
at org.testng.remote.RemoteTestNG.main(RemoteTestNG.java:77)
]]>
            </full-stacktrace>
          </exception> <!-- junit.framework.ComparisonFailure -->
          <reporter-output>
          </reporter-output>
        </test-method> <!-- unenrollFromCourse -->
        <test-method is-config="true" signature="teardown()[pri:0, instance:EME.ScheduleCourseTest@2364305a]" started-at="2019-07-31T19:55:13Z" name="teardown" finished-at="2019-07-31T19:55:19Z" duration-ms="5793" status="PASS">
          <reporter-output>
          </reporter-output>
        </test-method> <!-- teardown -->
      </class> <!-- EME.ScheduleCourseTest -->
    </test> <!-- Schedule Course -->
    <test started-at="2019-07-31T19:55:19Z" name="Make Group Appointment" finished-at="2019-07-31T19:56:12Z" duration-ms="53328">
      <class name="EME.MakeGroupApptTest">
        <test-method is-config="true" signature="initialize()[pri:0, instance:EME.MakeGroupApptTest@1de5f0ef]" started-at="2019-07-31T19:55:19Z" name="initialize" finished-at="2019-07-31T19:55:24Z" duration-ms="5504" status="PASS">
          <reporter-output>
          </reporter-output>
        </test-method> <!-- initialize -->
        <test-method signature="ScheduleAppointment()[pri:1, instance:EME.MakeGroupApptTest@1de5f0ef]" started-at="2019-07-31T19:55:24Z" name="ScheduleAppointment" finished-at="2019-07-31T19:56:04Z" duration-ms="39830" status="PASS">
          <reporter-output>
          </reporter-output>
        </test-method> <!-- ScheduleAppointment -->
        <test-method signature="ConfirmAppointmentIsScheduled()[pri:2, instance:EME.MakeGroupApptTest@1de5f0ef]" started-at="2019-07-31T19:56:04Z" name="ConfirmAppointmentIsScheduled" finished-at="2019-07-31T19:56:06Z" duration-ms="2108" status="PASS">
          <reporter-output>
          </reporter-output>
        </test-method> <!-- ConfirmAppointmentIsScheduled -->
        <test-method signature="CancelAppointment()[pri:3, instance:EME.MakeGroupApptTest@1de5f0ef]" started-at="2019-07-31T19:56:06Z" name="CancelAppointment" finished-at="2019-07-31T19:56:11Z" duration-ms="5109" status="PASS">
          <reporter-output>
          </reporter-output>
        </test-method> <!-- CancelAppointment -->
        <test-method is-config="true" signature="teardown()[pri:0, instance:EME.MakeGroupApptTest@1de5f0ef]" started-at="2019-07-31T19:56:11Z" name="teardown" finished-at="2019-07-31T19:56:12Z" duration-ms="775" status="PASS">
          <reporter-output>
          </reporter-output>
        </test-method> <!-- teardown -->
      </class> <!-- EME.MakeGroupApptTest -->
    </test> <!-- Make Group Appointment -->
  </suite> <!-- EME - Smoke Testing -->
</testng-results>
