<?xml version="1.0" encoding="UTF-8"?>
<!-- Generated by org.testng.reporters.JUnitXMLReporter -->
<testsuite ignored="0" hostname="COL-TNUZUM" failures="0" tests="4" name="Login Page Test" time="7.897" errors="0" timestamp="01 Aug 2019 17:33:34 GMT">
  <testcase classname="EME.loginPageTest" name="pageTitle" time="0.009"/>
  <testcase classname="EME.loginPageTest" name="pageTextLabels" time="0.128"/>
  <testcase classname="EME.loginPageTest" name="noUserMessages" time="0.29"/>
  <testcase classname="EME.loginPageTest" name="wrongCredentialsMessages" time="0.349"/>
</testsuite> <!-- Login Page Test -->
