<?xml version="1.0" encoding="UTF-8"?>
<!-- Generated by org.testng.reporters.JUnitXMLReporter -->
<testsuite ignored="0" hostname="COL-TNUZUM" failures="0" tests="4" name="Login Page Test" time="7.541" errors="0" timestamp="26 Jul 2019 19:10:49 GMT">
  <testcase classname="EME.loginPageTest" name="pageTitle" time="0.01"/>
  <testcase classname="EME.loginPageTest" name="pageTextLabels" time="0.146"/>
  <testcase classname="EME.loginPageTest" name="noUserMessages" time="0.279"/>
  <testcase classname="EME.loginPageTest" name="wrongCredentialsMessages" time="0.344"/>
</testsuite> <!-- Login Page Test -->
