<?xml version="1.0" encoding="UTF-8"?>
<!-- Generated by org.testng.reporters.JUnitXMLReporter -->
<testsuite ignored="0" hostname="COL-TNUZUM" failures="0" tests="3" name="Make Appointment" time="29.737" errors="0" timestamp="31 Jul 2019 15:45:12 GMT">
  <testcase classname="EME.MakeApptTest" name="ScheduleAppointment" time="19.737"/>
  <testcase classname="EME.MakeApptTest" name="ConfirmAppointmentIsScheduled" time="1.384"/>
  <testcase classname="EME.MakeApptTest" name="CancelAppointment" time="2.597"/>
</testsuite> <!-- Make Appointment -->
