<?xml version="1.0" encoding="UTF-8"?>
<!-- Generated by org.testng.reporters.JUnitXMLReporter -->
<testsuite ignored="0" hostname="COL-TNUZUM" failures="0" tests="3" name="Make Appointment" time="27.655" errors="0" timestamp="02 Aug 2019 13:05:31 GMT">
  <testcase classname="EME.MakeApptTest" name="ScheduleAppointment" time="14.802"/>
  <testcase classname="EME.MakeApptTest" name="ConfirmAppointmentIsScheduled" time="2.118"/>
  <testcase classname="EME.MakeApptTest" name="CancelAppointment" time="4.623"/>
</testsuite> <!-- Make Appointment -->
