<?xml version="1.0" encoding="UTF-8"?>
<!-- Generated by org.testng.reporters.JUnitXMLReporter -->
<testsuite ignored="0" hostname="COL-TNUZUM" failures="0" tests="5" name="Member Login" time="101.288" errors="0" timestamp="25 Jul 2019 20:24:18 GMT">
  <testcase classname="EME.MemberLoginTest" name="activeMember1Login" time="13.143"/>
  <testcase classname="EME.MemberLoginTest" name="activeMember2Login" time="25.337"/>
  <testcase classname="EME.MemberLoginTest" name="activeMember3Login" time="24.344"/>
  <testcase classname="EME.MemberLoginTest" name="activeMember4Login" time="14.38"/>
  <testcase classname="EME.MemberLoginTest" name="activeMember5Login" time="14.056"/>
</testsuite> <!-- Member Login -->
