<?xml version="1.0" encoding="UTF-8"?>
<!-- Generated by org.testng.reporters.JUnitXMLReporter -->
<testsuite ignored="0" hostname="COL-TNUZUM" failures="0" tests="5" name="Member Login" time="61.886" errors="0" timestamp="26 Jul 2019 14:01:10 GMT">
  <testcase classname="EME.MemberLoginTest" name="activeMember1Login" time="9.157"/>
  <testcase classname="EME.MemberLoginTest" name="activeMember2Login" time="16.463"/>
  <testcase classname="EME.MemberLoginTest" name="activeMember3Login" time="16.643"/>
  <testcase classname="EME.MemberLoginTest" name="activeMember4Login" time="6.494"/>
  <testcase classname="EME.MemberLoginTest" name="activeMember5Login" time="6.838"/>
</testsuite> <!-- Member Login -->
