<?xml version="1.0" encoding="UTF-8"?>
<!-- Generated by org.testng.reporters.JUnitXMLReporter -->
<testsuite ignored="0" hostname="COL-TNUZUM" failures="1" tests="10" name="Page Launch" time="41.54" errors="0" timestamp="16 Aug 2019 16:13:59 GMT">
  <testcase classname="EME.PageLaunchTest" name="MyPackagesButtonTest" time="4.51"/>
  <testcase classname="EME.PageLaunchTest" name="CartButtonTest" time="5.287"/>
  <testcase classname="EME.PageLaunchTest" name="AcctHistoryButtonTest" time="2.858"/>
  <testcase classname="EME.PageLaunchTest" name="PayNowButtonTest" time="2.752"/>
  <testcase classname="EME.PageLaunchTest" name="ScheduleClassesButtonTest" time="2.019"/>
  <testcase classname="EME.PageLaunchTest" name="ScheduleApptsButtonTest" time="5.503">
    <failure type="java.lang.AssertionError" message="expected [false] but found [true]">
      <![CDATA[java.lang.AssertionError: expected [false] but found [true]
at resources.reusableMethods.catchErrorMessage(reusableMethods.java:128)
at EME.PageLaunchTest.ScheduleApptsButtonTest(PageLaunchTest.java:95)
... Removed 29 stack frames]]>
    </failure>
  </testcase> <!-- ScheduleApptsButtonTest -->
  <testcase classname="EME.PageLaunchTest" name="ManageFamilyButtonTest" time="3.655"/>
  <testcase classname="EME.PageLaunchTest" name="EditMyInfoButtonTest" time="0.636"/>
  <testcase classname="EME.PageLaunchTest" name="ForgotUsernameButtonTest" time="4.689"/>
  <testcase classname="EME.PageLaunchTest" name="ForgotPasswordButtonTest" time="0.471"/>
</testsuite> <!-- Page Launch -->
