<?xml version="1.0" encoding="UTF-8"?>
<!-- Generated by org.testng.reporters.JUnitXMLReporter -->
<testsuite ignored="0" hostname="COL-TNUZUM" failures="1" tests="2" name="Schedule Course" time="50.819" errors="0" timestamp="31 Jul 2019 19:55:19 GMT">
  <testcase classname="EME.ScheduleCourseTest" name="scheduleCourse" time="24.27"/>
  <testcase classname="EME.ScheduleCourseTest" name="unenrollFromCourse" time="15.034">
    <failure type="junit.framework.ComparisonFailure" message="expected:&amp;lt;Unenro...&amp;gt; but was:&amp;lt;Cance...&amp;gt;">
      <![CDATA[junit.framework.ComparisonFailure: expected:<Unenro...> but was:<Cance...>
at junit.framework.Assert.assertEquals(Assert.java:81)
at junit.framework.Assert.assertEquals(Assert.java:87)
at EME.ScheduleCourseTest.unenrollFromCourse(ScheduleCourseTest.java:75)
... Removed 25 stack frames]]>
    </failure>
  </testcase> <!-- unenrollFromCourse -->
</testsuite> <!-- Schedule Course -->
